<?xml version="1.0" encoding="UTF-8"?>
<testng-results ignored="0" total="1" passed="1" failed="0" skipped="0">
  <reporter-output>
    <line>
      <![CDATA[complete page title is =Checkout: Complete!]]>
    </line>
  </reporter-output>
  <suite started-at="2024-06-15T10:07:42 IST" name="Default suite" finished-at="2024-06-15T10:07:53 IST" duration-ms="10395">
    <groups>
    </groups>
    <test started-at="2024-06-15T10:07:42 IST" name="Default test" finished-at="2024-06-15T10:07:53 IST" duration-ms="10395">
      <class name="first_seleniumframework.Complete_page_test">
        <test-method is-config="true" signature="setup()[pri:0, instance:first_seleniumframework.Complete_page_test@2d901eb0]" started-at="2024-06-15T10:07:42 IST" name="setup" finished-at="2024-06-15T10:07:53 IST" duration-ms="10158" status="PASS">
          <reporter-output>
          </reporter-output>
        </test-method> <!-- setup -->
        <test-method signature="completepagetitletest()[pri:0, instance:first_seleniumframework.Complete_page_test@2d901eb0]" started-at="2024-06-15T10:07:53 IST" name="completepagetitletest" finished-at="2024-06-15T10:07:53 IST" duration-ms="43" status="PASS">
          <reporter-output>
            <line>
              <![CDATA[complete page title is =Checkout: Complete!]]>
            </line>
          </reporter-output>
        </test-method> <!-- completepagetitletest -->
        <test-method is-config="true" signature="closebrowser(org.testng.ITestResult)[pri:0, instance:first_seleniumframework.Complete_page_test@2d901eb0]" started-at="2024-06-15T10:07:53 IST" name="closebrowser" finished-at="2024-06-15T10:07:53 IST" duration-ms="120" status="PASS">
          <params>
            <param index="0">
              <value>
                <![CDATA[[TestResult name=completepagetitletest status=SUCCESS method=Complete_page_test.completepagetitletest()[pri:0, instance:first_seleniumframework.Complete_page_test@2d901eb0] output=complete page title is =Checkout: Complete!]]]>
              </value>
            </param>
          </params>
          <reporter-output>
          </reporter-output>
        </test-method> <!-- closebrowser -->
      </class> <!-- first_seleniumframework.Complete_page_test -->
    </test> <!-- Default test -->
  </suite> <!-- Default suite -->
</testng-results>
